#
# A fatal error has been detected by the Java Runtime Environment:
#
#  SIGSEGV (0xb) at pc=0x000000010fa32d10, pid=1067, tid=15111
#
# JRE version: Java(TM) SE Runtime Environment (8.0_45-b14) (build 1.8.0_45-b14)
# Java VM: Java HotSpot(TM) 64-Bit Server VM (25.45-b02 mixed mode bsd-amd64 compressed oops)
# Problematic frame:
# V  [libjvm.dylib+0x432d10]
#
# Failed to write core dump. Core dumps have been disabled. To enable core dumping, try "ulimit -c unlimited" before starting Java again
#
# If you would like to submit a bug report, please visit:
#   http://bugreport.java.com/bugreport/crash.jsp
#

---------------  T H R E A D  ---------------

Current thread (0x00007f9663007000):  JavaThread "JDWP Transport Listener: dt_socket" daemon [_thread_in_vm, id=15111, stack(0x000070000a273000,0x000070000a373000)]

siginfo: si_signo: 11 (SIGSEGV), si_code: 0 (unknown), si_addr: 0x0000000000000000

Registers:
RAX=0x0000000000000001, RBX=0x000070000a372a8b, RCX=0x000000010fdfa190, RDX=0x000070000a372a8b
RSP=0x000070000a3729d0, RBP=0x000070000a3729e0, RSI=0x00007f9663007000, RDI=0x74616c75636c6143
R8 =0x0000000000000000, R9 =0x0000000000000000, R10=0x000007f966244c14, R11=0x0000000000000001
R12=0x00007f9663007000, R13=0x74616c75636c6143, R14=0x74616c75636c6143, R15=0x00007f9662502040
RIP=0x000000010fa32d10, EFLAGS=0x0000000000010202, ERR=0x0000000000000000
  TRAPNO=0x000000000000000d

Top of Stack: (sp=0x000070000a3729d0)
0x000070000a3729d0:   000070000a372a8b 000070000a372a8b
0x000070000a3729e0:   000070000a372a40 000000010f9430d6
0x000070000a3729f0:   00007f9663007000 0000000000000000
0x000070000a372a00:   0000000000000000 0000000000000000
0x000070000a372a10:   00007f9663007000 00007f9663007000
0x000070000a372a20:   000070000a372a8b 000070000a372a90
0x000070000a372a30:   74616c75636c6143 0000000000000003
0x000070000a372a40:   000070000a372a60 000000010e4b0780
0x000070000a372a50:   0000000000000001 000070000a372b08
0x000070000a372a60:   000070000a372ad0 000000010e4951f3
0x000070000a372a70:   000070000a372aa0 00007f966244dfa0
0x000070000a372a80:   0000000500000032 0000000800372b08
0x000070000a372a90:   0000000000000000 0000000000000000
0x000070000a372aa0:   0000000000000000 000070000a372c90
0x000070000a372ab0:   000000010e4b7e7a 00007f966244df60
0x000070000a372ac0:   000070000a372b08 000000010e4c3598
0x000070000a372ad0:   000070000a372ae0 000000010e4952ec
0x000070000a372ae0:   000070000a372d00 000000010e49e898
0x000070000a372af0:   00006abd00000013 00000000000f0200
0x000070000a372b00:   00007f966244e040 000070000a372c25
0x000070000a372b10:   000000000000005f 000070000a372b20
0x000070000a372b20:   00000100000000cd 000070000a372b58
0x000070000a372b30:   0000000000000000 00007f0000000000
0x000070000a372b40:   00006abd000000d8 00007f9600007d80
0x000070000a372b50:   000070000a372b58 967f000005000000
0x000070000a372b60:   0d000000484d7362 6d246164626d616c
0x000070000a372b70:   00000031246e6961 2f6176616a4c284f
0x000070000a372b80:   7274532f676e616c 6974554c3b676e69
0x000070000a372b90:   6f72505f4f492f6c 616a4c3b73736563
0x000070000a372ba0:   2f676e616c2f6176 493b676e69727453
0x000070000a372bb0:   2f6176616a4c495b 656c69662f6f696e
0x000070000a372bc0:   56293b687461502f 0a1000f000000000 

Instructions: (pc=0x000000010fa32d10)
0x000000010fa32cf0:   40 48 48 85 c0 75 e0 30 c0 0f b6 c0 5d c3 31 c0
0x000000010fa32d00:   5d c3 55 48 89 e5 53 48 83 ec 08 48 85 ff 74 24
0x000000010fa32d10:   48 8b 1f 48 85 db 74 1c 48 83 fb 37 74 16 48 8b
0x000000010fa32d20:   03 48 89 df ff 50 10 84 c0 b8 00 00 00 00 48 0f 

Register to memory mapping:

RAX=0x0000000000000001 is an unknown value
RBX=0x000070000a372a8b is pointing into the stack for thread: 0x00007f9663007000
RCX=0x000000010fdfa190: UseMembar+0 in /Library/Java/JavaVirtualMachines/jdk1.8.0_45.jdk/Contents/Home/jre/lib/server/libjvm.dylib at 0x000000010f600000
RDX=0x000070000a372a8b is pointing into the stack for thread: 0x00007f9663007000
RSP=0x000070000a3729d0 is pointing into the stack for thread: 0x00007f9663007000
RBP=0x000070000a3729e0 is pointing into the stack for thread: 0x00007f9663007000
RSI=0x00007f9663007000 is a thread
RDI=0x74616c75636c6143 is an unknown value
R8 =0x0000000000000000 is an unknown value
R9 =0x0000000000000000 is an unknown value
R10=0x000007f966244c14 is an unknown value
R11=0x0000000000000001 is an unknown value
R12=0x00007f9663007000 is a thread
R13=0x74616c75636c6143 is an unknown value
R14=0x74616c75636c6143 is an unknown value
R15=0x00007f9662502040 is an unknown value


Stack: [0x000070000a273000,0x000070000a373000],  sp=0x000070000a3729d0,  free space=1022k
Native frames: (J=compiled Java code, j=interpreted, Vv=VM code, C=native code)
V  [libjvm.dylib+0x432d10]
V  [libjvm.dylib+0x3430d6]
C  [libjdwp.dylib+0x20780]  isMethodSynthetic+0x63
C  [libjdwp.dylib+0x51f3]  methods1+0x10b
C  [libjdwp.dylib+0x52ec]  methodsWithGeneric+0xe
C  [libjdwp.dylib+0xe898]  debugLoop_run+0x1ce
C  [libjdwp.dylib+0x1f6ba]  attachThread+0x4d
V  [libjvm.dylib+0x38401c]
V  [libjvm.dylib+0x549acf]
V  [libjvm.dylib+0x54b1c0]
V  [libjvm.dylib+0x46ea7e]
C  [libsystem_pthread.dylib+0x3661]  _pthread_body+0x154
C  [libsystem_pthread.dylib+0x350d]  _pthread_body+0x0
C  [libsystem_pthread.dylib+0x2bf9]  thread_start+0xd
C  0x0000000000000000


---------------  P R O C E S S  ---------------

Java Threads: ( => current thread )
  0x00007f966425f800 JavaThread "MySQL Statement Cancellation Timer" daemon [_thread_blocked, id=22787, stack(0x000070000ab8e000,0x000070000ac8e000)]
  0x00007f966302a800 JavaThread "Service Thread" daemon [_thread_blocked, id=43267, stack(0x000070000a988000,0x000070000aa88000)]
  0x00007f966290e800 JavaThread "C1 CompilerThread3" daemon [_thread_blocked, id=22019, stack(0x000070000a885000,0x000070000a985000)]
  0x00007f966290e000 JavaThread "C2 CompilerThread2" daemon [_thread_blocked, id=16387, stack(0x000070000a782000,0x000070000a882000)]
  0x00007f9662834000 JavaThread "C2 CompilerThread1" daemon [_thread_blocked, id=16131, stack(0x000070000a67f000,0x000070000a77f000)]
  0x00007f9665170000 JavaThread "C2 CompilerThread0" daemon [_thread_blocked, id=15619, stack(0x000070000a57c000,0x000070000a67c000)]
  0x00007f9666801000 JavaThread "JDWP Command Reader" daemon [_thread_in_native, id=17155, stack(0x000070000a479000,0x000070000a579000)]
  0x00007f9666800000 JavaThread "JDWP Event Helper Thread" daemon [_thread_blocked, id=17411, stack(0x000070000a376000,0x000070000a476000)]
=>0x00007f9663007000 JavaThread "JDWP Transport Listener: dt_socket" daemon [_thread_in_vm, id=15111, stack(0x000070000a273000,0x000070000a373000)]
  0x00007f9665037000 JavaThread "Signal Dispatcher" daemon [_thread_blocked, id=14347, stack(0x000070000a170000,0x000070000a270000)]
  0x00007f9662825800 JavaThread "Finalizer" daemon [_thread_blocked, id=18947, stack(0x000070000a06d000,0x000070000a16d000)]
  0x00007f9665012800 JavaThread "Reference Handler" daemon [_thread_blocked, id=19203, stack(0x0000700009f6a000,0x000070000a06a000)]
  0x00007f9665007800 JavaThread "main" [_thread_blocked, id=6147, stack(0x000070000954c000,0x000070000964c000)]

Other Threads:
  0x00007f9662824800 VMThread [stack: 0x0000700009e67000,0x0000700009f67000] [id=19459]
  0x00007f9662941800 WatcherThread [stack: 0x000070000aa8b000,0x000070000ab8b000] [id=22531]

VM state:not at safepoint (normal execution)

VM Mutex/Monitor currently owned by a thread: None

Heap:
 PSYoungGen      total 76288K, used 27315K [0x000000076ab00000, 0x0000000770000000, 0x00000007c0000000)
  eden space 65536K, 41% used [0x000000076ab00000,0x000000076c5acee8,0x000000076eb00000)
  from space 10752K, 0% used [0x000000076f580000,0x000000076f580000,0x0000000770000000)
  to   space 10752K, 0% used [0x000000076eb00000,0x000000076eb00000,0x000000076f580000)
 ParOldGen       total 175104K, used 0K [0x00000006c0000000, 0x00000006cab00000, 0x000000076ab00000)
  object space 175104K, 0% used [0x00000006c0000000,0x00000006c0000000,0x00000006cab00000)
 Metaspace       used 7620K, capacity 7664K, committed 7808K, reserved 1056768K
  class space    used 758K, capacity 784K, committed 896K, reserved 1048576K

Card table byte_map: [0x0000000110929000,0x000000011112a000] byte_map_base: 0x000000010d329000

Marking Bits: (ParMarkBitMap*) 0x000000010fec27a0
 Begin Bits: [0x0000000122b42000, 0x0000000126b42000)
 End Bits:   [0x0000000126b42000, 0x000000012ab42000)

Polling page: 0x000000010e48f000

CodeCache: size=245760Kb used=2587Kb max_used=2604Kb free=243172Kb
 bounds [0x0000000113b42000, 0x0000000113dd2000, 0x0000000122b42000]
 total_blobs=906 nmethods=563 adapters=265
 compilation: enabled

Compilation events (10 events):
Event: 2.857 Thread 0x00007f9662834000  560       4       com.mysql.jdbc.ByteArrayRow::isFloatingPointNumber (64 bytes)
Event: 2.857 Thread 0x00007f966290e000 nmethod 562 0x0000000113dc04d0 code [0x0000000113dc0640, 0x0000000113dc0cb8]
Event: 2.857 Thread 0x00007f966290e000  563       4       java.lang.CharacterDataLatin1::isWhitespace (23 bytes)
Event: 2.858 Thread 0x00007f966290e000 nmethod 563 0x0000000113dc3450 code [0x0000000113dc35a0, 0x0000000113dc3658]
Event: 2.858 Thread 0x00007f966290e000  564   !   4       com.mysql.jdbc.ConnectionImpl::getCharsetConverter (132 bytes)
Event: 2.859 Thread 0x00007f9662834000 nmethod 560 0x0000000113dc4910 code [0x0000000113dc4a80, 0x0000000113dc4d18]
Event: 2.859 Thread 0x00007f9662834000  565       4       com.mysql.jdbc.ResultSetImpl::checkRowPos (22 bytes)
Event: 2.860 Thread 0x00007f9662834000 nmethod 565 0x0000000113dc3150 code [0x0000000113dc32a0, 0x0000000113dc3338]
Event: 2.870 Thread 0x00007f9665170000 nmethod 541 0x0000000113dcbe10 code [0x0000000113dcc0e0, 0x0000000113dcdbc0]
Event: 2.884 Thread 0x00007f966290e000 nmethod 564 0x0000000113dcf150 code [0x0000000113dcf3a0, 0x0000000113dd0c28]

GC Heap History (0 events):
No events

Deoptimization events (5 events):
Event: 0.449 Thread 0x00007f9665007800 Uncommon trap: reason=unstable_if action=reinterpret pc=0x0000000113cae150 method=java.util.HashMap.putVal(ILjava/lang/Object;Ljava/lang/Object;ZZ)Ljava/lang/Object; @ 81
Event: 0.470 Thread 0x00007f9665007800 Uncommon trap: reason=unstable_if action=reinterpret pc=0x0000000113c8a318 method=sun.nio.cs.UTF_8$Decoder.decode([BII[C)I @ 30
Event: 0.545 Thread 0x00007f9665007800 Uncommon trap: reason=unstable_if action=reinterpret pc=0x0000000113d120b4 method=java.util.HashMap.getNode(ILjava/lang/Object;)Ljava/util/HashMap$Node; @ 116
Event: 0.779 Thread 0x00007f9665007800 Uncommon trap: reason=unstable_if action=reinterpret pc=0x0000000113cbf258 method=java.lang.StringCoding$StringDecoder.decode([BII)[C @ 20
Event: 2.378 Thread 0x00007f9665007800 Uncommon trap: reason=unstable_if action=reinterpret pc=0x0000000113cc66d8 method=java.lang.StringCoding$StringDecoder.decode([BII)[C @ 20

Internal exceptions (10 events):
Event: 0.477 Thread 0x00007f9665007800 Exception <a 'java/security/PrivilegedActionException'> (0x000000076bbfcbf0) thrown at [/Users/java_re/workspace/8-2-build-macosx-x86_64/jdk8u45/3457/hotspot/src/share/vm/prims/jvm.cpp, line 1382]
Event: 0.477 Thread 0x00007f9665007800 Exception <a 'java/security/PrivilegedActionException'> (0x000000076bbfcda8) thrown at [/Users/java_re/workspace/8-2-build-macosx-x86_64/jdk8u45/3457/hotspot/src/share/vm/prims/jvm.cpp, line 1382]
Event: 0.483 Thread 0x00007f9665007800 Exception <a 'java/security/PrivilegedActionException'> (0x000000076bc561c0) thrown at [/Users/java_re/workspace/8-2-build-macosx-x86_64/jdk8u45/3457/hotspot/src/share/vm/prims/jvm.cpp, line 1382]
Event: 0.483 Thread 0x00007f9665007800 Exception <a 'java/security/PrivilegedActionException'> (0x000000076bc56378) thrown at [/Users/java_re/workspace/8-2-build-macosx-x86_64/jdk8u45/3457/hotspot/src/share/vm/prims/jvm.cpp, line 1382]
Event: 0.483 Thread 0x00007f9665007800 Exception <a 'java/security/PrivilegedActionException'> (0x000000076bc60778) thrown at [/Users/java_re/workspace/8-2-build-macosx-x86_64/jdk8u45/3457/hotspot/src/share/vm/prims/jvm.cpp, line 1382]
Event: 0.483 Thread 0x00007f9665007800 Exception <a 'java/security/PrivilegedActionException'> (0x000000076bc60ac0) thrown at [/Users/java_re/workspace/8-2-build-macosx-x86_64/jdk8u45/3457/hotspot/src/share/vm/prims/jvm.cpp, line 1382]
Event: 0.484 Thread 0x00007f9665007800 Exception <a 'java/security/PrivilegedActionException'> (0x000000076bc6b658) thrown at [/Users/java_re/workspace/8-2-build-macosx-x86_64/jdk8u45/3457/hotspot/src/share/vm/prims/jvm.cpp, line 1382]
Event: 0.484 Thread 0x00007f9665007800 Exception <a 'java/security/PrivilegedActionException'> (0x000000076bc6b810) thrown at [/Users/java_re/workspace/8-2-build-macosx-x86_64/jdk8u45/3457/hotspot/src/share/vm/prims/jvm.cpp, line 1382]
Event: 0.484 Thread 0x00007f9665007800 Exception <a 'java/security/PrivilegedActionException'> (0x000000076bc763b8) thrown at [/Users/java_re/workspace/8-2-build-macosx-x86_64/jdk8u45/3457/hotspot/src/share/vm/prims/jvm.cpp, line 1382]
Event: 0.484 Thread 0x00007f9665007800 Exception <a 'java/security/PrivilegedActionException'> (0x000000076bc76700) thrown at [/Users/java_re/workspace/8-2-build-macosx-x86_64/jdk8u45/3457/hotspot/src/share/vm/prims/jvm.cpp, line 1382]

Events (10 events):
Event: 10943.833 Executing VM operation: GetOrSetLocal
Event: 10943.833 Executing VM operation: GetOrSetLocal done
Event: 11055.633 Executing VM operation: ChangeBreakpoints
Event: 11055.633 Executing VM operation: ChangeBreakpoints done
Event: 11055.633 Executing VM operation: ChangeBreakpoints
Event: 11055.633 Executing VM operation: ChangeBreakpoints done
Event: 11055.646 Thread 0x00007f9663007000 DEOPT PACKING pc=0x0000000113ce4a6c sp=0x000070000a371540
Event: 11055.646 Thread 0x00007f9663007000 DEOPT UNPACKING pc=0x0000000113b89633 sp=0x000070000a371298 mode 1
Event: 11055.662 Executing VM operation: RedefineClasses
Event: 11055.682 Executing VM operation: RedefineClasses done


Dynamic libraries:
0x000000000a9a1000 	/System/Library/Frameworks/Cocoa.framework/Versions/A/Cocoa
0x000000000a9a1000 	/System/Library/Frameworks/Security.framework/Versions/A/Security
0x000000000a9a1000 	/System/Library/Frameworks/ApplicationServices.framework/Versions/A/ApplicationServices
0x000000000a9a1000 	/usr/lib/libz.1.dylib
0x000000000a9a1000 	/usr/lib/libSystem.B.dylib
0x000000000a9a1000 	/usr/lib/libobjc.A.dylib
0x000000000a9a1000 	/System/Library/Frameworks/CoreFoundation.framework/Versions/A/CoreFoundation
0x000000000a9a1000 	/System/Library/Frameworks/Foundation.framework/Versions/C/Foundation
0x000000000a9a1000 	/System/Library/Frameworks/AppKit.framework/Versions/C/AppKit
0x000000000a9a1000 	/System/Library/Frameworks/CoreData.framework/Versions/A/CoreData
0x000000000a9a1000 	/System/Library/PrivateFrameworks/RemoteViewServices.framework/Versions/A/RemoteViewServices
0x000000000a9a1000 	/System/Library/PrivateFrameworks/UIFoundation.framework/Versions/A/UIFoundation
0x000000000a9a1000 	/System/Library/PrivateFrameworks/DFRFoundation.framework/Versions/A/DFRFoundation
0x000000000a9a1000 	/System/Library/Frameworks/Metal.framework/Versions/A/Metal
0x000000000a9a1000 	/System/Library/PrivateFrameworks/DesktopServicesPriv.framework/Versions/A/DesktopServicesPriv
0x000000000a9a1000 	/usr/lib/libenergytrace.dylib
0x000000000a9a1000 	/System/Library/PrivateFrameworks/SkyLight.framework/Versions/A/SkyLight
0x000000000a9a1000 	/System/Library/Frameworks/CoreGraphics.framework/Versions/A/CoreGraphics
0x000000000a9a1000 	/usr/lib/libScreenReader.dylib
0x000000000a9a1000 	/System/Library/Frameworks/Accelerate.framework/Versions/A/Accelerate
0x000000000a9a1000 	/System/Library/Frameworks/IOSurface.framework/Versions/A/IOSurface
0x000000000a9a1000 	/System/Library/Frameworks/AudioToolbox.framework/Versions/A/AudioToolbox
0x000000000a9a1000 	/System/Library/Frameworks/AudioUnit.framework/Versions/A/AudioUnit
0x000000000a9a1000 	/System/Library/PrivateFrameworks/DataDetectorsCore.framework/Versions/A/DataDetectorsCore
0x000000000a9a1000 	/System/Library/Frameworks/Carbon.framework/Versions/A/Frameworks/HIToolbox.framework/Versions/A/HIToolbox
0x000000000a9a1000 	/usr/lib/libicucore.A.dylib
0x000000000a9a1000 	/System/Library/Frameworks/QuartzCore.framework/Versions/A/QuartzCore
0x000000000a9a1000 	/System/Library/PrivateFrameworks/SignpostNotification.framework/Versions/A/SignpostNotification
0x000000000a9a1000 	/System/Library/Frameworks/Carbon.framework/Versions/A/Frameworks/SpeechRecognition.framework/Versions/A/SpeechRecognition
0x000000000a9a1000 	/usr/lib/libauto.dylib
0x000000000a9a1000 	/usr/lib/libxml2.2.dylib
0x000000000a9a1000 	/System/Library/PrivateFrameworks/CoreUI.framework/Versions/A/CoreUI
0x000000000a9a1000 	/System/Library/Frameworks/CoreAudio.framework/Versions/A/CoreAudio
0x000000000a9a1000 	/System/Library/Frameworks/DiskArbitration.framework/Versions/A/DiskArbitration
0x000000000a9a1000 	/usr/lib/liblangid.dylib
0x000000000a9a1000 	/System/Library/PrivateFrameworks/MultitouchSupport.framework/Versions/A/MultitouchSupport
0x000000000a9a1000 	/System/Library/Frameworks/IOKit.framework/Versions/A/IOKit
0x000000000a9a1000 	/usr/lib/libDiagnosticMessagesClient.dylib
0x000000000a9a1000 	/System/Library/Frameworks/CoreServices.framework/Versions/A/CoreServices
0x000000000a9a1000 	/System/Library/PrivateFrameworks/PerformanceAnalysis.framework/Versions/A/PerformanceAnalysis
0x000000000a9a1000 	/System/Library/Frameworks/OpenGL.framework/Versions/A/OpenGL
0x000000000a9a1000 	/System/Library/Frameworks/ColorSync.framework/Versions/A/ColorSync
0x000000000a9a1000 	/System/Library/Frameworks/CoreImage.framework/Versions/A/CoreImage
0x000000000a9a1000 	/System/Library/Frameworks/CoreText.framework/Versions/A/CoreText
0x000000000a9a1000 	/System/Library/Frameworks/ImageIO.framework/Versions/A/ImageIO
0x000000000a9a1000 	/System/Library/PrivateFrameworks/Backup.framework/Versions/A/Backup
0x000000000a9a1000 	/usr/lib/libarchive.2.dylib
0x000000000a9a1000 	/System/Library/Frameworks/CFNetwork.framework/Versions/A/CFNetwork
0x000000000a9a1000 	/System/Library/Frameworks/SystemConfiguration.framework/Versions/A/SystemConfiguration
0x000000000a9a1000 	/usr/lib/libCRFSuite.dylib
0x000000000a9a1000 	/usr/lib/libc++.1.dylib
0x000000000a9a1000 	/usr/lib/libc++abi.dylib
0x000000000a9a1000 	/usr/lib/system/libcache.dylib
0x000000000a9a1000 	/usr/lib/system/libcommonCrypto.dylib
0x000000000a9a1000 	/usr/lib/system/libcompiler_rt.dylib
0x000000000a9a1000 	/usr/lib/system/libcopyfile.dylib
0x000000000a9a1000 	/usr/lib/system/libcorecrypto.dylib
0x000000000a9a1000 	/usr/lib/system/libdispatch.dylib
0x000000000a9a1000 	/usr/lib/system/libdyld.dylib
0x000000000a9a1000 	/usr/lib/system/libkeymgr.dylib
0x000000000a9a1000 	/usr/lib/system/liblaunch.dylib
0x000000000a9a1000 	/usr/lib/system/libmacho.dylib
0x000000000a9a1000 	/usr/lib/system/libquarantine.dylib
0x000000000a9a1000 	/usr/lib/system/libremovefile.dylib
0x000000000a9a1000 	/usr/lib/system/libsystem_asl.dylib
0x000000000a9a1000 	/usr/lib/system/libsystem_blocks.dylib
0x000000000a9a1000 	/usr/lib/system/libsystem_c.dylib
0x000000000a9a1000 	/usr/lib/system/libsystem_configuration.dylib
0x000000000a9a1000 	/usr/lib/system/libsystem_coreservices.dylib
0x000000000a9a1000 	/usr/lib/system/libsystem_darwin.dylib
0x000000000a9a1000 	/usr/lib/system/libsystem_dnssd.dylib
0x000000000a9a1000 	/usr/lib/system/libsystem_info.dylib
0x000000000a9a1000 	/usr/lib/system/libsystem_m.dylib
0x000000000a9a1000 	/usr/lib/system/libsystem_malloc.dylib
0x000000000a9a1000 	/usr/lib/system/libsystem_network.dylib
0x000000000a9a1000 	/usr/lib/system/libsystem_networkextension.dylib
0x000000000a9a1000 	/usr/lib/system/libsystem_notify.dylib
0x000000000a9a1000 	/usr/lib/system/libsystem_sandbox.dylib
0x000000000a9a1000 	/usr/lib/system/libsystem_secinit.dylib
0x000000000a9a1000 	/usr/lib/system/libsystem_kernel.dylib
0x000000000a9a1000 	/usr/lib/system/libsystem_platform.dylib
0x000000000a9a1000 	/usr/lib/system/libsystem_pthread.dylib
0x000000000a9a1000 	/usr/lib/system/libsystem_symptoms.dylib
0x000000000a9a1000 	/usr/lib/system/libsystem_trace.dylib
0x000000000a9a1000 	/usr/lib/system/libunwind.dylib
0x000000000a9a1000 	/usr/lib/system/libxpc.dylib
0x000000000a9a1000 	/usr/lib/closure/libclosured.dylib
0x000000000a9a1000 	/usr/lib/libbsm.0.dylib
0x000000000a9a1000 	/usr/lib/system/libkxld.dylib
0x000000000a9a1000 	/usr/lib/libOpenScriptingUtil.dylib
0x000000000a9a1000 	/usr/lib/libcoretls.dylib
0x000000000a9a1000 	/usr/lib/libcoretls_cfhelpers.dylib
0x000000000a9a1000 	/usr/lib/libpam.2.dylib
0x000000000a9a1000 	/usr/lib/libsqlite3.dylib
0x000000000a9a1000 	/usr/lib/libxar.1.dylib
0x000000000a9a1000 	/usr/lib/libbz2.1.0.dylib
0x000000000a9a1000 	/usr/lib/liblzma.5.dylib
0x000000000a9a1000 	/usr/lib/libnetwork.dylib
0x000000000a9a1000 	/usr/lib/libapple_nghttp2.dylib
0x000000000a9a1000 	/usr/lib/libpcap.A.dylib
0x000000000a9a1000 	/usr/lib/libboringssl.dylib
0x000000000a9a1000 	/usr/lib/libusrtcp.dylib
0x000000000a9a1000 	/usr/lib/libapple_crypto.dylib
0x000000000a9a1000 	/System/Library/Frameworks/CoreServices.framework/Versions/A/Frameworks/FSEvents.framework/Versions/A/FSEvents
0x000000000a9a1000 	/System/Library/Frameworks/CoreServices.framework/Versions/A/Frameworks/CarbonCore.framework/Versions/A/CarbonCore
0x000000000a9a1000 	/System/Library/Frameworks/CoreServices.framework/Versions/A/Frameworks/Metadata.framework/Versions/A/Metadata
0x000000000a9a1000 	/System/Library/Frameworks/CoreServices.framework/Versions/A/Frameworks/OSServices.framework/Versions/A/OSServices
0x000000000a9a1000 	/System/Library/Frameworks/CoreServices.framework/Versions/A/Frameworks/SearchKit.framework/Versions/A/SearchKit
0x000000000a9a1000 	/System/Library/Frameworks/CoreServices.framework/Versions/A/Frameworks/AE.framework/Versions/A/AE
0x000000000a9a1000 	/System/Library/Frameworks/CoreServices.framework/Versions/A/Frameworks/LaunchServices.framework/Versions/A/LaunchServices
0x000000000a9a1000 	/System/Library/Frameworks/CoreServices.framework/Versions/A/Frameworks/DictionaryServices.framework/Versions/A/DictionaryServices
0x000000000a9a1000 	/System/Library/Frameworks/CoreServices.framework/Versions/A/Frameworks/SharedFileList.framework/Versions/A/SharedFileList
0x000000000a9a1000 	/System/Library/Frameworks/NetFS.framework/Versions/A/NetFS
0x000000000a9a1000 	/System/Library/PrivateFrameworks/NetAuth.framework/Versions/A/NetAuth
0x000000000a9a1000 	/System/Library/PrivateFrameworks/login.framework/Versions/A/Frameworks/loginsupport.framework/Versions/A/loginsupport
0x000000000a9a1000 	/System/Library/PrivateFrameworks/TCC.framework/Versions/A/TCC
0x000000000a9a1000 	/usr/lib/libmecabra.dylib
0x000000000a9a1000 	/System/Library/Frameworks/ApplicationServices.framework/Versions/A/Frameworks/ATS.framework/Versions/A/ATS
0x000000000a9a1000 	/System/Library/Frameworks/ApplicationServices.framework/Versions/A/Frameworks/ColorSyncLegacy.framework/Versions/A/ColorSyncLegacy
0x000000000a9a1000 	/System/Library/Frameworks/ApplicationServices.framework/Versions/A/Frameworks/HIServices.framework/Versions/A/HIServices
0x000000000a9a1000 	/System/Library/Frameworks/ApplicationServices.framework/Versions/A/Frameworks/LangAnalysis.framework/Versions/A/LangAnalysis
0x000000000a9a1000 	/System/Library/Frameworks/ApplicationServices.framework/Versions/A/Frameworks/PrintCore.framework/Versions/A/PrintCore
0x000000000a9a1000 	/System/Library/Frameworks/ApplicationServices.framework/Versions/A/Frameworks/QD.framework/Versions/A/QD
0x000000000a9a1000 	/System/Library/Frameworks/ApplicationServices.framework/Versions/A/Frameworks/SpeechSynthesis.framework/Versions/A/SpeechSynthesis
0x000000000a9a1000 	/System/Library/Frameworks/CoreDisplay.framework/Versions/A/CoreDisplay
0x000000000a9a1000 	/System/Library/Frameworks/Accelerate.framework/Versions/A/Frameworks/vImage.framework/Versions/A/vImage
0x000000000a9a1000 	/System/Library/Frameworks/Accelerate.framework/Versions/A/Frameworks/vecLib.framework/Versions/A/vecLib
0x000000000a9a1000 	/System/Library/Frameworks/Accelerate.framework/Versions/A/Frameworks/vecLib.framework/Versions/A/libvDSP.dylib
0x000000000a9a1000 	/System/Library/Frameworks/Accelerate.framework/Versions/A/Frameworks/vecLib.framework/Versions/A/libBNNS.dylib
0x000000000a9a1000 	/System/Library/Frameworks/Accelerate.framework/Versions/A/Frameworks/vecLib.framework/Versions/A/libQuadrature.dylib
0x000000000a9a1000 	/System/Library/Frameworks/Accelerate.framework/Versions/A/Frameworks/vecLib.framework/Versions/A/libvMisc.dylib
0x000000000a9a1000 	/System/Library/Frameworks/Accelerate.framework/Versions/A/Frameworks/vecLib.framework/Versions/A/libLAPACK.dylib
0x000000000a9a1000 	/System/Library/Frameworks/Accelerate.framework/Versions/A/Frameworks/vecLib.framework/Versions/A/libBLAS.dylib
0x000000000a9a1000 	/System/Library/Frameworks/Accelerate.framework/Versions/A/Frameworks/vecLib.framework/Versions/A/libLinearAlgebra.dylib
0x000000000a9a1000 	/System/Library/Frameworks/Accelerate.framework/Versions/A/Frameworks/vecLib.framework/Versions/A/libSparse.dylib
0x000000000a9a1000 	/System/Library/Frameworks/Accelerate.framework/Versions/A/Frameworks/vecLib.framework/Versions/A/libSparseBLAS.dylib
0x000000000a9a1000 	/System/Library/PrivateFrameworks/GPUWrangler.framework/Versions/A/GPUWrangler
0x000000000a9a1000 	/System/Library/PrivateFrameworks/IOAccelerator.framework/Versions/A/IOAccelerator
0x000000000a9a1000 	/System/Library/PrivateFrameworks/IOPresentment.framework/Versions/A/IOPresentment
0x000000000a9a1000 	/System/Library/PrivateFrameworks/DSExternalDisplay.framework/Versions/A/DSExternalDisplay
0x000000000a9a1000 	/System/Library/Frameworks/OpenGL.framework/Versions/A/Libraries/libCoreFSCache.dylib
0x000000000a9a1000 	/System/Library/Frameworks/CoreVideo.framework/Versions/A/CoreVideo
0x000000000a9a1000 	/System/Library/PrivateFrameworks/GraphVisualizer.framework/Versions/A/GraphVisualizer
0x000000000a9a1000 	/System/Library/Frameworks/MetalPerformanceShaders.framework/Versions/A/MetalPerformanceShaders
0x000000000a9a1000 	/usr/lib/libFosl_dynamic.dylib
0x000000000a9a1000 	/System/Library/PrivateFrameworks/FaceCore.framework/Versions/A/FaceCore
0x000000000a9a1000 	/System/Library/Frameworks/OpenCL.framework/Versions/A/OpenCL
0x000000000a9a1000 	/usr/lib/libcompression.dylib
0x000000000a9a1000 	/System/Library/Frameworks/ApplicationServices.framework/Versions/A/Frameworks/ATS.framework/Versions/A/Resources/libFontParser.dylib
0x000000000a9a1000 	/System/Library/Frameworks/ApplicationServices.framework/Versions/A/Frameworks/ATS.framework/Versions/A/Resources/libFontRegistry.dylib
0x000000000a9a1000 	/System/Library/Frameworks/ImageIO.framework/Versions/A/Resources/libJPEG.dylib
0x000000000a9a1000 	/System/Library/Frameworks/ImageIO.framework/Versions/A/Resources/libTIFF.dylib
0x000000000a9a1000 	/System/Library/Frameworks/ImageIO.framework/Versions/A/Resources/libPng.dylib
0x000000000a9a1000 	/System/Library/Frameworks/ImageIO.framework/Versions/A/Resources/libGIF.dylib
0x000000000a9a1000 	/System/Library/Frameworks/ImageIO.framework/Versions/A/Resources/libJP2.dylib
0x000000000a9a1000 	/System/Library/Frameworks/ImageIO.framework/Versions/A/Resources/libRadiance.dylib
0x000000000a9a1000 	/System/Library/PrivateFrameworks/AppleJPEG.framework/Versions/A/AppleJPEG
0x000000000a9a1000 	/System/Library/Frameworks/MetalPerformanceShaders.framework/Frameworks/MPSCore.framework/Versions/A/MPSCore
0x000000000a9a1000 	/System/Library/Frameworks/MetalPerformanceShaders.framework/Frameworks/MPSImage.framework/Versions/A/MPSImage
0x000000000a9a1000 	/System/Library/Frameworks/MetalPerformanceShaders.framework/Frameworks/MPSNeuralNetwork.framework/Versions/A/MPSNeuralNetwork
0x000000000a9a1000 	/System/Library/Frameworks/MetalPerformanceShaders.framework/Frameworks/MPSMatrix.framework/Versions/A/MPSMatrix
0x000000000a9a1000 	/System/Library/PrivateFrameworks/MetalTools.framework/Versions/A/MetalTools
0x000000000a9a1000 	/System/Library/Frameworks/OpenGL.framework/Versions/A/Libraries/libGLU.dylib
0x000000000a9a1000 	/System/Library/Frameworks/OpenGL.framework/Versions/A/Libraries/libGFXShared.dylib
0x000000000a9a1000 	/System/Library/Frameworks/OpenGL.framework/Versions/A/Libraries/libGL.dylib
0x000000000a9a1000 	/System/Library/Frameworks/OpenGL.framework/Versions/A/Libraries/libGLImage.dylib
0x000000000a9a1000 	/System/Library/Frameworks/OpenGL.framework/Versions/A/Libraries/libCVMSPluginSupport.dylib
0x000000000a9a1000 	/System/Library/Frameworks/OpenGL.framework/Versions/A/Libraries/libCoreVMClient.dylib
0x000000000a9a1000 	/usr/lib/libcups.2.dylib
0x000000000a9a1000 	/System/Library/Frameworks/Kerberos.framework/Versions/A/Kerberos
0x000000000a9a1000 	/System/Library/Frameworks/GSS.framework/Versions/A/GSS
0x000000000a9a1000 	/usr/lib/libresolv.9.dylib
0x000000000a9a1000 	/usr/lib/libiconv.2.dylib
0x000000000a9a1000 	/System/Library/PrivateFrameworks/Heimdal.framework/Versions/A/Heimdal
0x000000000a9a1000 	/usr/lib/libheimdal-asn1.dylib
0x000000000a9a1000 	/System/Library/Frameworks/OpenDirectory.framework/Versions/A/OpenDirectory
0x000000000a9a1000 	/System/Library/PrivateFrameworks/CommonAuth.framework/Versions/A/CommonAuth
0x000000000a9a1000 	/System/Library/Frameworks/OpenDirectory.framework/Versions/A/Frameworks/CFOpenDirectory.framework/Versions/A/CFOpenDirectory
0x000000000a9a1000 	/System/Library/Frameworks/SecurityFoundation.framework/Versions/A/SecurityFoundation
0x000000000a9a1000 	/System/Library/PrivateFrameworks/APFS.framework/Versions/A/APFS
0x000000000a9a1000 	/usr/lib/libutil.dylib
0x000000000a9a1000 	/System/Library/PrivateFrameworks/AppleSauce.framework/Versions/A/AppleSauce
0x000000000a9a1000 	/System/Library/PrivateFrameworks/LinguisticData.framework/Versions/A/LinguisticData
0x000000000a9a1000 	/usr/lib/libmarisa.dylib
0x000000000a9a1000 	/System/Library/PrivateFrameworks/Lexicon.framework/Versions/A/Lexicon
0x000000000a9a1000 	/usr/lib/libChineseTokenizer.dylib
0x000000000a9a1000 	/usr/lib/libcmph.dylib
0x000000000a9a1000 	/System/Library/PrivateFrameworks/LanguageModeling.framework/Versions/A/LanguageModeling
0x000000000a9a1000 	/System/Library/PrivateFrameworks/CoreEmoji.framework/Versions/A/CoreEmoji
0x000000000a9a1000 	/System/Library/Frameworks/ServiceManagement.framework/Versions/A/ServiceManagement
0x000000000a9a1000 	/System/Library/PrivateFrameworks/BackgroundTaskManagement.framework/Versions/A/BackgroundTaskManagement
0x000000000a9a1000 	/usr/lib/libxslt.1.dylib
0x000000000a9a1000 	/System/Library/Frameworks/Carbon.framework/Versions/A/Frameworks/Ink.framework/Versions/A/Ink
0x000000000a9a1000 	/System/Library/PrivateFrameworks/TextureIO.framework/Versions/A/TextureIO
0x000000000a9a1000 	/usr/lib/libate.dylib
0x000000000a9a1000 	/System/Library/PrivateFrameworks/CrashReporterSupport.framework/Versions/A/CrashReporterSupport
0x000000000a9a1000 	/System/Library/PrivateFrameworks/Sharing.framework/Versions/A/Sharing
0x000000000a9a1000 	/System/Library/PrivateFrameworks/IconServices.framework/Versions/A/IconServices
0x000000000a9a1000 	/System/Library/PrivateFrameworks/AuthKit.framework/Versions/A/AuthKit
0x000000000a9a1000 	/System/Library/PrivateFrameworks/Apple80211.framework/Versions/A/Apple80211
0x000000000a9a1000 	/System/Library/PrivateFrameworks/CoreUtils.framework/Versions/A/CoreUtils
0x000000000a9a1000 	/System/Library/Frameworks/CoreWLAN.framework/Versions/A/CoreWLAN
0x000000000a9a1000 	/System/Library/Frameworks/IOBluetooth.framework/Versions/A/IOBluetooth
0x000000000a9a1000 	/System/Library/PrivateFrameworks/ProtocolBuffer.framework/Versions/A/ProtocolBuffer
0x000000000a9a1000 	/System/Library/PrivateFrameworks/MobileKeyBag.framework/Versions/A/MobileKeyBag
0x000000000a9a1000 	/System/Library/PrivateFrameworks/CorePhoneNumbers.framework/Versions/A/CorePhoneNumbers
0x000000000a9a1000 	/System/Library/PrivateFrameworks/AppleIDAuthSupport.framework/Versions/A/AppleIDAuthSupport
0x000000000a9a1000 	/System/Library/PrivateFrameworks/KeychainCircle.framework/Versions/A/KeychainCircle
0x000000000a9a1000 	/System/Library/PrivateFrameworks/CoreWiFi.framework/Versions/A/CoreWiFi
0x000000000a9a1000 	/System/Library/Frameworks/CoreBluetooth.framework/Versions/A/CoreBluetooth
0x000000000a9a1000 	/System/Library/PrivateFrameworks/DebugSymbols.framework/Versions/A/DebugSymbols
0x000000000a9a1000 	/System/Library/PrivateFrameworks/CoreSymbolication.framework/Versions/A/CoreSymbolication
0x000000000a9a1000 	/System/Library/PrivateFrameworks/Symbolication.framework/Versions/A/Symbolication
0x000000000a9a1000 	/System/Library/PrivateFrameworks/AppleFSCompression.framework/Versions/A/AppleFSCompression
0x000000000a9a1000 	/System/Library/PrivateFrameworks/SpeechRecognitionCore.framework/Versions/A/SpeechRecognitionCore
0x000000010f600000 	/Library/Java/JavaVirtualMachines/jdk1.8.0_45.jdk/Contents/Home/jre/lib/server/libjvm.dylib
0x000000000a9a1000 	/usr/lib/libstdc++.6.0.9.dylib
0x000000010e44c000 	/Library/Java/JavaVirtualMachines/jdk1.8.0_45.jdk/Contents/Home/jre/lib/libverify.dylib
0x000000010e45a000 	/Library/Java/JavaVirtualMachines/jdk1.8.0_45.jdk/Contents/Home/jre/lib/libjava.dylib
0x000000010e490000 	/Library/Java/JavaVirtualMachines/jdk1.8.0_45.jdk/Contents/Home/jre/lib/libjdwp.dylib
0x000000010e4db000 	/Library/Java/JavaVirtualMachines/jdk1.8.0_45.jdk/Contents/Home/jre/lib/libnpt.dylib
0x000000010e4df000 	/Library/Java/JavaVirtualMachines/jdk1.8.0_45.jdk/Contents/Home/jre/lib/libinstrument.dylib
0x000000010e57d000 	/Library/Java/JavaVirtualMachines/jdk1.8.0_45.jdk/Contents/Home/jre/lib/libzip.dylib
0x000000000a9a1000 	/System/Library/Frameworks/JavaVM.framework/Versions/A/Frameworks/JavaRuntimeSupport.framework/Versions/A/JavaRuntimeSupport
0x000000000a9a1000 	/System/Library/Frameworks/JavaVM.framework/Versions/A/Frameworks/JavaNativeFoundation.framework/Versions/A/JavaNativeFoundation
0x000000000a9a1000 	/System/Library/Frameworks/JavaVM.framework/Versions/A/JavaVM
0x000000000a9a1000 	/System/Library/Frameworks/Carbon.framework/Versions/A/Carbon
0x000000000a9a1000 	/System/Library/PrivateFrameworks/JavaLaunching.framework/Versions/A/JavaLaunching
0x000000000a9a1000 	/System/Library/Frameworks/Carbon.framework/Versions/A/Frameworks/CommonPanels.framework/Versions/A/CommonPanels
0x000000000a9a1000 	/System/Library/Frameworks/Carbon.framework/Versions/A/Frameworks/Help.framework/Versions/A/Help
0x000000000a9a1000 	/System/Library/Frameworks/Carbon.framework/Versions/A/Frameworks/ImageCapture.framework/Versions/A/ImageCapture
0x000000000a9a1000 	/System/Library/Frameworks/Carbon.framework/Versions/A/Frameworks/OpenScripting.framework/Versions/A/OpenScripting
0x000000000a9a1000 	/System/Library/Frameworks/Carbon.framework/Versions/A/Frameworks/Print.framework/Versions/A/Print
0x000000000a9a1000 	/System/Library/Frameworks/Carbon.framework/Versions/A/Frameworks/SecurityHI.framework/Versions/A/SecurityHI
0x0000000113a86000 	/Library/Java/JavaVirtualMachines/jdk1.8.0_45.jdk/Contents/Home/jre/lib/libdt_socket.dylib
0x000000012d630000 	/Library/Java/JavaVirtualMachines/jdk1.8.0_45.jdk/Contents/Home/jre/lib/libnet.dylib

VM Arguments:
jvm_args: -agentlib:jdwp=transport=dt_socket,address=127.0.0.1:51681,suspend=y,server=n -javaagent:/Users/shuruiz/Library/Caches/IntelliJIdea2017.3/groovyHotSwap/gragent.jar -javaagent:/Users/shuruiz/Library/Caches/IntelliJIdea2017.3/captureAgent/debugger-agent.jar=/private/var/folders/zr/0wclxwn521gd71lkdvlr138w0000gn/T/capture.props -Dfile.encoding=UTF-8 
java_command: Pull_Request.CalculatingHotnessFromGhApi
java_class_path (initial): /Library/Java/JavaVirtualMachines/jdk1.8.0_45.jdk/Contents/Home/lib/ant-javafx.jar:/Library/Java/JavaVirtualMachines/jdk1.8.0_45.jdk/Contents/Home/lib/dt.jar:/Library/Java/JavaVirtualMachines/jdk1.8.0_45.jdk/Contents/Home/lib/javafx-mx.jar:/Library/Java/JavaVirtualMachines/jdk1.8.0_45.jdk/Contents/Home/lib/jconsole.jar:/Library/Java/JavaVirtualMachines/jdk1.8.0_45.jdk/Contents/Home/lib/packager.jar:/Library/Java/JavaVirtualMachines/jdk1.8.0_45.jdk/Contents/Home/lib/sa-jdi.jar:/Library/Java/JavaVirtualMachines/jdk1.8.0_45.jdk/Contents/Home/lib/tools.jar:/Library/Java/JavaVirtualMachines/jdk1.8.0_45.jdk/Contents/Home/jre/lib/charsets.jar:/Library/Java/JavaVirtualMachines/jdk1.8.0_45.jdk/Contents/Home/jre/lib/deploy.jar:/Library/Java/JavaVirtualMachines/jdk1.8.0_45.jdk/Contents/Home/jre/lib/javaws.jar:/Library/Java/JavaVirtualMachines/jdk1.8.0_45.jdk/Contents/Home/jre/lib/jce.jar:/Library/Java/JavaVirtualMachines/jdk1.8.0_45.jdk/Contents/Home/jre/lib/jfr.jar:/Library/Java/JavaVirtualMachines/jdk1.8.0_45.jdk/Contents/Home/jre/lib/jfxswt.jar:/Library/Java/JavaVirtualMachines/jdk1.8.0_45.jdk/Contents/Home/jre/lib/jsse.jar:/Library/Java/JavaVirtualMachines/jdk1.8.0_45.jdk/Contents/Home/jre/lib/management-agent.jar:/Library/Java/JavaVirtualMachines/jdk1.8.0_45.jdk/Contents/Home/jre/lib/plugin.jar:/Library/Java/JavaVirtualMachines/jdk1.8.0_45.jdk/Contents/Home/jre/lib/resources.jar:/Library/Java/JavaVirtualMachines/jdk1.8.0_45.jdk/Contents/Home/jre/lib/rt.jar:/Library/Java/JavaVirtualMachines/jdk1.8.0_45.jdk/Contents/Home/jre/lib/ext/cldrdata.jar:/Library/Java/JavaVirtualMachines/jdk1.8.0_45.jdk/Contents/Home/jre/lib/ext/dnsns.jar:/Library/Java/JavaVirtualMachines/jdk1.8.0_45.jdk/Contents/Home/jre/lib/ext/jfxrt.jar:/Library/Java/JavaVirtualMachines/jdk1.8.0_45.jdk/Contents/Home/jre/lib/ext/localedata.jar:/Library/Java/JavaVirtualMachines/jdk1.8.0_45.jdk/Contents/Home/jre/lib/ext/nashorn.jar:/Library/Java/JavaVirtualMachines/jdk1.8.0_45.jdk/Conten
Launcher Type: SUN_STANDARD

Environment Variables:
JAVA_HOME=/Library/Java/JavaVirtualMachines/jdk1.8.0_111.jdk/Contents/Home
PATH=/anaconda3/bin:/anaconda2/bin:/Library/Frameworks/Python.framework/Versions/3.5/bin:/opt/local/bin:/opt/local/sbin:/usr/local/bin:/usr/local/sbin:/usr/bin:/bin:/usr/sbin:/sbin:/usr/local/mysql/bin
SHELL=/bin/bash
DISPLAY=/private/tmp/com.apple.launchd.zHkqbeL46F/org.macosforge.xquartz:0

Signal Handlers:
SIGSEGV: [libjvm.dylib+0x58ef95], sa_mask[0]=11111111011111110111111111111111, sa_flags=SA_ONSTACK|SA_RESTART|SA_SIGINFO
SIGBUS: [libjvm.dylib+0x58ef95], sa_mask[0]=11111111011111110111111111111111, sa_flags=SA_RESTART|SA_SIGINFO
SIGFPE: [libjvm.dylib+0x46c108], sa_mask[0]=11111111011111110111111111111111, sa_flags=SA_RESTART|SA_SIGINFO
SIGPIPE: [libjvm.dylib+0x46c108], sa_mask[0]=11111111011111110111111111111111, sa_flags=SA_RESTART|SA_SIGINFO
SIGXFSZ: [libjvm.dylib+0x46c108], sa_mask[0]=11111111011111110111111111111111, sa_flags=SA_RESTART|SA_SIGINFO
SIGILL: [libjvm.dylib+0x46c108], sa_mask[0]=11111111011111110111111111111111, sa_flags=SA_RESTART|SA_SIGINFO
SIGUSR1: SIG_DFL, sa_mask[0]=00000000000000000000000000000000, sa_flags=none
SIGUSR2: [libjvm.dylib+0x46bc26], sa_mask[0]=00100000000000000000000000000000, sa_flags=SA_RESTART|SA_SIGINFO
SIGHUP: [libjvm.dylib+0x46a1f9], sa_mask[0]=11111111011111110111111111111111, sa_flags=SA_RESTART|SA_SIGINFO
SIGINT: [libjvm.dylib+0x46a1f9], sa_mask[0]=11111111011111110111111111111111, sa_flags=SA_RESTART|SA_SIGINFO
SIGTERM: [libjvm.dylib+0x46a1f9], sa_mask[0]=11111111011111110111111111111111, sa_flags=SA_RESTART|SA_SIGINFO
SIGQUIT: [libjvm.dylib+0x46a1f9], sa_mask[0]=11111111011111110111111111111111, sa_flags=SA_RESTART|SA_SIGINFO


---------------  S Y S T E M  ---------------

OS:Bsduname:Darwin 17.7.0 Darwin Kernel Version 17.7.0: Fri Jul  6 19:54:51 PDT 2018; root:xnu-4570.71.3~2/RELEASE_X86_64 x86_64
rlimit: STACK 8192k, CORE 0k, NPROC 1418, NOFILE 10240, AS infinity
load average:4.09 3.48 3.15

CPU:total 8 (4 cores per cpu, 2 threads per core) family 6 model 142 stepping 10, cmov, cx8, fxsr, mmx, sse, sse2, sse3, ssse3, sse4.1, sse4.2, popcnt, avx, avx2, aes, clmul, erms, 3dnowpref, lzcnt, ht, tsc, tscinvbit, bmi1, bmi2, adx

Memory: 4k page, physical 16777216k(34680k free)

/proc/meminfo:


vm_info: Java HotSpot(TM) 64-Bit Server VM (25.45-b02) for bsd-amd64 JRE (1.8.0_45-b14), built on Apr 10 2015 10:46:38 by "java_re" with gcc 4.2.1 (Based on Apple Inc. build 5658) (LLVM build 2336.11.00)

time: Sun Feb 10 15:09:37 2019
elapsed time: 11055 seconds (0d 3h 4m 15s)

